<?xml version="1.0" encoding="UTF-8"?>
<!-- Generated by org.testng.reporters.JUnitReportReporter -->
<testsuite hostname="LAPTOP-M7JGN4KE" failures="0" tests="2" name="acshomepage.tests.AcsOneTimeDonationViaCreditCard" time="44.430" errors="0" timestamp="2024-07-17T17:33:18 IST" skipped="0">
  <testcase classname="acshomepage.tests.AcsOneTimeDonationViaCreditCard" name="testAcsOneTimeDonationFunctionViaCreditCard" time="21.379"/>
  <testcase classname="acshomepage.tests.AcsOneTimeDonationViaCreditCard" name="testAcsOneTimeDonationFunctionViaCreditCard" time="23.051"/>
</testsuite> <!-- acshomepage.tests.AcsOneTimeDonationViaCreditCard -->
