<?xml version="1.0" encoding="UTF-8"?>
<!-- Generated by org.testng.reporters.JUnitReportReporter -->
<testsuite hostname="LAPTOP-M7JGN4KE" failures="0" tests="2" name="acshomepage.tests.AcsMonthlyDonationViaCreditCard" time="58.482" errors="0" timestamp="2024-07-17T17:33:18 IST" skipped="0">
  <testcase classname="acshomepage.tests.AcsMonthlyDonationViaCreditCard" name="testAcsMonthlyDonationFunctionViaCreditCard" time="35.962"/>
  <testcase classname="acshomepage.tests.AcsMonthlyDonationViaCreditCard" name="testAcsMonthlyDonationFunctionViaCreditCard" time="22.520"/>
</testsuite> <!-- acshomepage.tests.AcsMonthlyDonationViaCreditCard -->
