<?xml version="1.0" encoding="UTF-8"?>
<!-- Generated by org.testng.reporters.JUnitReportReporter -->
<testsuite hostname="LAPTOP-M7JGN4KE" failures="0" tests="1" name="acshomepage.tests.HomePageValidations" time="20.328" errors="0" timestamp="2024-07-15T09:17:16 IST" skipped="0">
  <testcase classname="acshomepage.tests.HomePageValidations" name="testValidateHomePageTitle" time="20.328"/>
</testsuite> <!-- acshomepage.tests.HomePageValidations -->
