<?xml version="1.0" encoding="UTF-8"?>
<!-- Generated by org.testng.reporters.JUnitReportReporter -->
<testsuite hostname="LAPTOP-M7JGN4KE" failures="0" tests="1" name="acshomepage.tests.AcsHomePageValidations" time="23.531" errors="0" timestamp="2024-07-18T12:55:47 IST" skipped="0">
  <testcase classname="acshomepage.tests.AcsHomePageValidations" name="testAcsHomePageButtons" time="23.531"/>
</testsuite> <!-- acshomepage.tests.AcsHomePageValidations -->
